#
# There is insufficient memory for the Java Runtime Environment to continue.
# Native memory allocation (malloc) failed to allocate 1048576 bytes for AllocateHeap
# Possible reasons:
#   The system is out of physical RAM or swap space
#   In 32 bit mode, the process size limit was hit
# Possible solutions:
#   Reduce memory load on the system
#   Increase physical memory or swap space
#   Check if swap backing store is full
#   Use 64 bit Java on a 64 bit OS
#   Decrease Java heap size (-Xmx/-Xms)
#   Decrease number of Java threads
#   Decrease Java thread stack sizes (-Xss)
#   Set larger code cache with -XX:ReservedCodeCacheSize=
# This output file may be truncated or incomplete.
#
#  Out of Memory Error (memory/allocation.inline.hpp:61), pid=5188, tid=0x0000000000002acc
#
# JRE version:  (8.0_121-b13) (build )
# Java VM: Java HotSpot(TM) 64-Bit Server VM (25.121-b13 mixed mode windows-amd64 compressed oops)
# Failed to write core dump. Minidumps are not enabled by default on client versions of Windows
#

---------------  T H R E A D  ---------------

Current thread (0x0000000003122800):  JavaThread "Unknown thread" [_thread_in_vm, id=10956, stack(0x0000000003020000,0x0000000003120000)]

Stack: [0x0000000003020000,0x0000000003120000]
[error occurred during error reporting (printing stack bounds), id 0xc0000005]

Native frames: (J=compiled Java code, j=interpreted, Vv=VM code, C=native code)


---------------  P R O C E S S  ---------------

Java Threads: ( => current thread )

Other Threads:

=>0x0000000003122800 (exited) JavaThread "Unknown thread" [_thread_in_vm, id=10956, stack(0x0000000003020000,0x0000000003120000)]

VM state:not at safepoint (normal execution)

VM Mutex/Monitor currently owned by a thread: None

Heap:
 PSYoungGen      total 38400K, used 665K [0x00000000eab00000, 0x00000000ed580000, 0x0000000100000000)
  eden space 33280K, 2% used [0x00000000eab00000,0x00000000eaba6670,0x00000000ecb80000)
  from space 5120K, 0% used [0x00000000ed080000,0x00000000ed080000,0x00000000ed580000)
  to   space 5120K, 0% used [0x00000000ecb80000,0x00000000ecb80000,0x00000000ed080000)
 ParOldGen       total 87552K, used 0K [0x00000000c0000000, 0x00000000c5580000, 0x00000000eab00000)
  object space 87552K, 0% used [0x00000000c0000000,0x00000000c0000000,0x00000000c5580000)
 Metaspace       used 770K, capacity 4480K, committed 4480K, reserved 1056768K
  class space    used 75K, capacity 384K, committed 384K, reserved 1048576K

Card table byte_map: [0x00000000125e0000,0x00000000127f0000] byte_map_base: 0x0000000011fe0000

Marking Bits: (ParMarkBitMap*) 0x000000007329b6d0
 Begin Bits: [0x0000000012d50000, 0x0000000013d50000)
 End Bits:   [0x0000000013d50000, 0x0000000014d50000)

Polling page: 0x0000000002ec0000

CodeCache: size=245760Kb used=328Kb max_used=328Kb free=245431Kb
 bounds [0x0000000003220000, 0x0000000003490000, 0x0000000012220000]
 total_blobs=58 nmethods=0 adapters=38
 compilation: enabled

Compilation events (0 events):
No events

GC Heap History (0 events):
No events

Deoptimization events (0 events):
No events

Internal exceptions (0 events):
No events

Events (10 events):
Event: 0.527 loading class java/lang/Short
Event: 0.527 loading class java/lang/Short done
Event: 0.527 loading class java/lang/Integer
Event: 0.527 loading class java/lang/Integer done
Event: 0.527 loading class java/lang/Long
Event: 0.527 loading class java/lang/Long done
Event: 0.529 loading class java/lang/NullPointerException
Event: 0.529 loading class java/lang/NullPointerException done
Event: 0.529 loading class java/lang/ArithmeticException
Event: 0.529 loading class java/lang/ArithmeticException done


Dynamic libraries:
0x00007ff7f3230000 - 0x00007ff7f3267000 	C:\Program Files\Java\jdk1.8.0_121\bin\java.exe
0x00007ff8fa8b0000 - 0x00007ff8faa81000 	C:\WINDOWS\SYSTEM32\ntdll.dll
0x00007ff8fa320000 - 0x00007ff8fa3cb000 	C:\WINDOWS\System32\KERNEL32.DLL
0x00007ff8f7520000 - 0x00007ff8f773d000 	C:\WINDOWS\System32\KERNELBASE.dll
0x00007ff8fa700000 - 0x00007ff8fa7a2000 	C:\WINDOWS\System32\ADVAPI32.dll
0x00007ff8fa050000 - 0x00007ff8fa0ee000 	C:\WINDOWS\System32\msvcrt.dll
0x00007ff8fa2b0000 - 0x00007ff8fa309000 	C:\WINDOWS\System32\sechost.dll
0x00007ff8f7e40000 - 0x00007ff8f7f61000 	C:\WINDOWS\System32\RPCRT4.dll
0x00007ff8fa0f0000 - 0x00007ff8fa255000 	C:\WINDOWS\System32\USER32.dll
0x00007ff8f7260000 - 0x00007ff8f727e000 	C:\WINDOWS\System32\win32u.dll
0x00007ff8f8070000 - 0x00007ff8f80a4000 	C:\WINDOWS\System32\GDI32.dll
0x00007ff8f7280000 - 0x00007ff8f7402000 	C:\WINDOWS\System32\gdi32full.dll
0x00007ff8ece50000 - 0x00007ff8ed0c9000 	C:\WINDOWS\WinSxS\amd64_microsoft.windows.common-controls_6595b64144ccf1df_6.0.14393.447_none_42191651c6827bb3\COMCTL32.dll
0x00007ff8fa430000 - 0x00007ff8fa6f8000 	C:\WINDOWS\System32\combase.dll
0x00007ff8f7060000 - 0x00007ff8f7155000 	C:\WINDOWS\System32\ucrtbase.dll
0x00007ff8f6ff0000 - 0x00007ff8f705a000 	C:\WINDOWS\System32\bcryptPrimitives.dll
0x00007ff8fa280000 - 0x00007ff8fa2ae000 	C:\WINDOWS\System32\IMM32.DLL
0x00007ff8de720000 - 0x00007ff8de7c7000 	C:\Program Files\McAfee\Host Intrusion Prevention\HcApi.dll
0x0000000074210000 - 0x000000007421c000 	C:\Program Files\McAfee\Host Intrusion Prevention\HcThe.dll
0x0000000073320000 - 0x00000000733f2000 	C:\Program Files\Java\jdk1.8.0_121\jre\bin\msvcr100.dll
0x0000000072a80000 - 0x000000007331b000 	C:\Program Files\Java\jdk1.8.0_121\jre\bin\server\jvm.dll
0x00007ff8f98a0000 - 0x00007ff8f98a8000 	C:\WINDOWS\System32\PSAPI.DLL
0x00007ff8ebf10000 - 0x00007ff8ebf19000 	C:\WINDOWS\SYSTEM32\WSOCK32.dll
0x00007ff8f9fe0000 - 0x00007ff8fa04a000 	C:\WINDOWS\System32\WS2_32.dll
0x00007ff8f5200000 - 0x00007ff8f5223000 	C:\WINDOWS\SYSTEM32\WINMM.dll
0x00007ff8ebf40000 - 0x00007ff8ebf4a000 	C:\WINDOWS\SYSTEM32\VERSION.dll
0x00007ff8f51d0000 - 0x00007ff8f51fb000 	C:\WINDOWS\SYSTEM32\WINMMBASE.dll
0x00007ff8f7160000 - 0x00007ff8f71a2000 	C:\WINDOWS\System32\cfgmgr32.dll
0x0000000072a70000 - 0x0000000072a7f000 	C:\Program Files\Java\jdk1.8.0_121\jre\bin\verify.dll
0x0000000072a40000 - 0x0000000072a69000 	C:\Program Files\Java\jdk1.8.0_121\jre\bin\java.dll
0x0000000072a20000 - 0x0000000072a36000 	C:\Program Files\Java\jdk1.8.0_121\jre\bin\zip.dll

VM Arguments:
jvm_args: -Djava.awt.headless=true -Xmx1024M -Dfile.encoding=windows-1250 -Duser.country=CZ -Duser.language=cs -Duser.variant 
java_command: com.android.dx.command.Main --dex --force-jumbo --num-threads=4 --multi-dex --output D:\03_Personal_Doc\AndroidProjects\Home\app\build\intermediates\transforms\dex\debug\folders\1000\5\slice_8 D:\03_Personal_Doc\AndroidProjects\Home\app\build\intermediates\transforms\instantRunSlicer\debug\folders\1\5\slice_8
java_class_path (initial): C:\Users\uidv7359\AppData\Local\Android\android-sdk\build-tools\25.0.0\lib\dx.jar
Launcher Type: SUN_STANDARD

Environment Variables:
USERNAME=uidv7359
OS=Windows_NT
PROCESSOR_IDENTIFIER=Intel64 Family 6 Model 69 Stepping 1, GenuineIntel



---------------  S Y S T E M  ---------------

OS: Windows 10.0 , 64 bit Build 14393 (10.0.14393.0)

CPU:total 4 (2 cores per cpu, 2 threads per core) family 6 model 69 stepping 1, cmov, cx8, fxsr, mmx, sse, sse2, sse3, ssse3, sse4.1, sse4.2, popcnt, avx, avx2, aes, clmul, erms, lzcnt, ht, tsc, tscinvbit, bmi1, bmi2

Memory: 4k page, physical 8291712k(973532k free), swap 8291712k(6060k free)

vm_info: Java HotSpot(TM) 64-Bit Server VM (25.121-b13) for windows-amd64 JRE (1.8.0_121-b13), built on Dec 12 2016 18:21:36 by "java_re" with MS VC++ 10.0 (VS2010)

time: Thu Mar 16 13:09:42 2017
elapsed time: 0 seconds (0d 0h 0m 0s)

