#
# There is insufficient memory for the Java Runtime Environment to continue.
# Native memory allocation (malloc) failed to allocate 325056 bytes for Chunk::new
# Possible reasons:
#   The system is out of physical RAM or swap space
#   In 32 bit mode, the process size limit was hit
# Possible solutions:
#   Reduce memory load on the system
#   Increase physical memory or swap space
#   Check if swap backing store is full
#   Use 64 bit Java on a 64 bit OS
#   Decrease Java heap size (-Xmx/-Xms)
#   Decrease number of Java threads
#   Decrease Java thread stack sizes (-Xss)
#   Set larger code cache with -XX:ReservedCodeCacheSize=
# This output file may be truncated or incomplete.
#
#  Out of Memory Error (allocation.cpp:390), pid=8556, tid=0x0000000000003354
#
# JRE version: Java(TM) SE Runtime Environment (8.0_121-b13) (build 1.8.0_121-b13)
# Java VM: Java HotSpot(TM) 64-Bit Server VM (25.121-b13 mixed mode windows-amd64 compressed oops)
# Failed to write core dump. Minidumps are not enabled by default on client versions of Windows
#

---------------  T H R E A D  ---------------

Current thread (0x0000000014a41800):  JavaThread "C2 CompilerThread0" daemon [_thread_in_native, id=13140, stack(0x0000000016080000,0x0000000016180000)]

Stack: [0x0000000016080000,0x0000000016180000]
[error occurred during error reporting (printing stack bounds), id 0xc0000005]

Native frames: (J=compiled Java code, j=interpreted, Vv=VM code, C=native code)


Current CompileTask:
C2:   3849 1309 %     4       com.android.dx.ssa.SsaMethod::computeReachability @ 8 (131 bytes)


---------------  P R O C E S S  ---------------

Java Threads: ( => current thread )
  0x00000000164a1000 JavaThread "pool-2-thread-4" [_thread_in_Java, id=10064, stack(0x0000000016d80000,0x0000000016e80000)]
  0x00000000164a0800 JavaThread "pool-2-thread-3" [_thread_in_Java, id=9452, stack(0x0000000016c80000,0x0000000016d80000)]
  0x000000001649f800 JavaThread "pool-2-thread-2" [_thread_blocked, id=6308, stack(0x0000000016b80000,0x0000000016c80000)]
  0x000000001649d000 JavaThread "pool-3-thread-1" [_thread_blocked, id=12956, stack(0x0000000016a80000,0x0000000016b80000)]
  0x000000001649c000 JavaThread "pool-2-thread-1" [_thread_blocked, id=10296, stack(0x0000000016980000,0x0000000016a80000)]
  0x0000000016282000 JavaThread "Service Thread" daemon [_thread_blocked, id=12432, stack(0x0000000016780000,0x0000000016880000)]
  0x0000000016280800 JavaThread "C1 CompilerThread2" daemon [_thread_blocked, id=4352, stack(0x0000000016680000,0x0000000016780000)]
  0x0000000014a9b000 JavaThread "C2 CompilerThread1" daemon [_thread_in_native, id=2908, stack(0x0000000016180000,0x0000000016280000)]
=>0x0000000014a41800 JavaThread "C2 CompilerThread0" daemon [_thread_in_native, id=13140, stack(0x0000000016080000,0x0000000016180000)]
  0x0000000014a40000 JavaThread "Attach Listener" daemon [_thread_blocked, id=8680, stack(0x0000000015f80000,0x0000000016080000)]
  0x000000000230a000 JavaThread "Signal Dispatcher" daemon [_thread_blocked, id=7524, stack(0x0000000015e80000,0x0000000015f80000)]
  0x0000000002307000 JavaThread "Finalizer" daemon [_thread_blocked, id=13260, stack(0x0000000015c90000,0x0000000015d90000)]
  0x0000000002302000 JavaThread "Reference Handler" daemon [_thread_blocked, id=5440, stack(0x0000000015b90000,0x0000000015c90000)]
  0x0000000002212800 JavaThread "main" [_thread_blocked, id=7532, stack(0x00000000020d0000,0x00000000021d0000)]

Other Threads:
  0x0000000014a08000 VMThread [stack: 0x0000000015a90000,0x0000000015b90000] [id=9880]
  0x0000000016287800 WatcherThread [stack: 0x0000000016880000,0x0000000016980000] [id=9936]

VM state:not at safepoint (normal execution)

VM Mutex/Monitor currently owned by a thread: None

Heap:
 PSYoungGen      total 38400K, used 8817K [0x00000000eab00000, 0x00000000ed580000, 0x0000000100000000)
  eden space 33280K, 11% used [0x00000000eab00000,0x00000000eaea3af8,0x00000000ecb80000)
  from space 5120K, 99% used [0x00000000ecb80000,0x00000000ed078c50,0x00000000ed080000)
  to   space 5120K, 0% used [0x00000000ed080000,0x00000000ed080000,0x00000000ed580000)
 ParOldGen       total 87552K, used 1317K [0x00000000c0000000, 0x00000000c5580000, 0x00000000eab00000)
  object space 87552K, 1% used [0x00000000c0000000,0x00000000c0149578,0x00000000c5580000)
 Metaspace       used 6194K, capacity 7000K, committed 7168K, reserved 1056768K
  class space    used 622K, capacity 656K, committed 768K, reserved 1048576K

Card table byte_map: [0x0000000011730000,0x0000000011940000] byte_map_base: 0x0000000011130000

Marking Bits: (ParMarkBitMap*) 0x000000007329b6d0
 Begin Bits: [0x0000000011ea0000, 0x0000000012ea0000)
 End Bits:   [0x0000000012ea0000, 0x0000000013ea0000)

Polling page: 0x0000000000660000

CodeCache: size=245760Kb used=5247Kb max_used=5247Kb free=240513Kb
 bounds [0x0000000002370000, 0x00000000028a0000, 0x0000000011370000]
 total_blobs=1579 nmethods=1310 adapters=182
 compilation: enabled

Compilation events (10 events):
Event: 3.826 Thread 0x0000000016280800 1314       3       com.android.dx.cf.code.Simulator$SimVisitor::visitBranch (341 bytes)
Event: 3.827 Thread 0x0000000016280800 nmethod 1314 0x0000000002891550 code [0x00000000028917e0, 0x00000000028928c8]
Event: 3.829 Thread 0x0000000016280800 1315       3       com.android.dx.ssa.ConstCollector$2::map (28 bytes)
Event: 3.829 Thread 0x0000000016280800 nmethod 1315 0x000000000288af90 code [0x000000000288b100, 0x000000000288b528]
Event: 3.837 Thread 0x0000000016280800 1316       3       com.android.dx.dex.cf.AttributeTranslator::getExceptions (32 bytes)
Event: 3.837 Thread 0x0000000016280800 nmethod 1316 0x000000000288a790 code [0x000000000288a940, 0x000000000288ade8]
Event: 3.840 Thread 0x0000000016280800 1317       3       com.android.dx.ssa.SsaMethod::convertRopToSsaBlocks (103 bytes)
Event: 3.841 Thread 0x0000000016280800 nmethod 1317 0x00000000028931d0 code [0x0000000002893440, 0x0000000002894608]
Event: 3.841 Thread 0x0000000016280800 1318       3       com.android.dx.rop.code.RegisterSpecList::make (17 bytes)
Event: 3.842 Thread 0x0000000016280800 nmethod 1318 0x000000000288c8d0 code [0x000000000288caa0, 0x000000000288d368]

GC Heap History (2 events):
Event: 3.747 GC heap before
{Heap before GC invocations=1 (full 0):
 PSYoungGen      total 38400K, used 33280K [0x00000000eab00000, 0x00000000ed580000, 0x0000000100000000)
  eden space 33280K, 100% used [0x00000000eab00000,0x00000000ecb80000,0x00000000ecb80000)
  from space 5120K, 0% used [0x00000000ed080000,0x00000000ed080000,0x00000000ed580000)
  to   space 5120K, 0% used [0x00000000ecb80000,0x00000000ecb80000,0x00000000ed080000)
 ParOldGen       total 87552K, used 0K [0x00000000c0000000, 0x00000000c5580000, 0x00000000eab00000)
  object space 87552K, 0% used [0x00000000c0000000,0x00000000c0000000,0x00000000c5580000)
 Metaspace       used 6182K, capacity 7000K, committed 7168K, reserved 1056768K
  class space    used 622K, capacity 656K, committed 768K, reserved 1048576K
Event: 3.813 GC heap after
Heap after GC invocations=1 (full 0):
 PSYoungGen      total 38400K, used 5091K [0x00000000eab00000, 0x00000000ed580000, 0x0000000100000000)
  eden space 33280K, 0% used [0x00000000eab00000,0x00000000eab00000,0x00000000ecb80000)
  from space 5120K, 99% used [0x00000000ecb80000,0x00000000ed078c50,0x00000000ed080000)
  to   space 5120K, 0% used [0x00000000ed080000,0x00000000ed080000,0x00000000ed580000)
 ParOldGen       total 87552K, used 1317K [0x00000000c0000000, 0x00000000c5580000, 0x00000000eab00000)
  object space 87552K, 1% used [0x00000000c0000000,0x00000000c0149578,0x00000000c5580000)
 Metaspace       used 6182K, capacity 7000K, committed 7168K, reserved 1056768K
  class space    used 622K, capacity 656K, committed 768K, reserved 1048576K
}

Deoptimization events (4 events):
Event: 1.667 Thread 0x0000000002212800 Uncommon trap: reason=unstable_if action=reinterpret pc=0x000000000249e654 method=java.lang.String.compareTo(Ljava/lang/String;)I @ 38
Event: 2.777 Thread 0x000000001649c000 Uncommon trap: reason=unstable_if action=reinterpret pc=0x00000000025a7bf0 method=java.util.BitSet.nextSetBit(I)I @ 87
Event: 3.533 Thread 0x000000001649c000 Uncommon trap: reason=unstable_if action=reinterpret pc=0x000000000271962c method=com.android.dx.rop.code.RegisterSpecSet.put(Lcom/android/dx/rop/code/RegisterSpec;)V @ 77
Event: 3.535 Thread 0x00000000164a1000 Uncommon trap: reason=unstable_if action=reinterpret pc=0x000000000269eb44 method=com.android.dx.rop.code.RegisterSpec.equals(ILcom/android/dx/rop/type/TypeBearer;Lcom/android/dx/rop/code/LocalItem;)Z @ 42

Internal exceptions (2 events):
Event: 0.853 Thread 0x0000000002212800 Exception <a 'java/lang/NoSuchMethodError': Method sun.misc.Unsafe.defineClass(Ljava/lang/String;[BII)Ljava/lang/Class; name or signature does not match> (0x00000000eab07ca8) thrown at [C:\re\workspace\8-2-build-windows-amd64-cygwin\jdk8u121\8372\hotspot\
Event: 0.853 Thread 0x0000000002212800 Exception <a 'java/lang/NoSuchMethodError': Method sun.misc.Unsafe.prefetchRead(Ljava/lang/Object;J)V name or signature does not match> (0x00000000eab07f90) thrown at [C:\re\workspace\8-2-build-windows-amd64-cygwin\jdk8u121\8372\hotspot\src\share\vm\prims

Events (10 events):
Event: 3.533 Thread 0x000000001649c000 DEOPT UNPACKING pc=0x00000000023b582a sp=0x0000000016a7ec90 mode 2
Event: 3.533 Executing VM operation: ForceSafepoint
Event: 3.533 Executing VM operation: ForceSafepoint done
Event: 3.535 Thread 0x00000000164a1000 Uncommon trap: trap_request=0xffffff65 fr.pc=0x000000000269eb44
Event: 3.535 Thread 0x00000000164a1000 DEOPT PACKING pc=0x000000000269eb44 sp=0x0000000016e7e750
Event: 3.535 Thread 0x00000000164a1000 DEOPT UNPACKING pc=0x00000000023b582a sp=0x0000000016e7e6d8 mode 2
Event: 3.543 loading class com/android/dx/dex/file/FieldAnnotationStruct
Event: 3.543 loading class com/android/dx/dex/file/FieldAnnotationStruct done
Event: 3.701 Executing VM operation: ParallelGCFailedAllocation
Event: 3.813 Executing VM operation: ParallelGCFailedAllocation done


Dynamic libraries:
0x00007ff7f3230000 - 0x00007ff7f3267000 	C:\Program Files\Java\jdk1.8.0_121\bin\java.exe
0x00007ff8fa8b0000 - 0x00007ff8faa81000 	C:\WINDOWS\SYSTEM32\ntdll.dll
0x00007ff8fa320000 - 0x00007ff8fa3cb000 	C:\WINDOWS\System32\KERNEL32.DLL
0x00007ff8f7520000 - 0x00007ff8f773d000 	C:\WINDOWS\System32\KERNELBASE.dll
0x00007ff8fa700000 - 0x00007ff8fa7a2000 	C:\WINDOWS\System32\ADVAPI32.dll
0x00007ff8fa050000 - 0x00007ff8fa0ee000 	C:\WINDOWS\System32\msvcrt.dll
0x00007ff8fa2b0000 - 0x00007ff8fa309000 	C:\WINDOWS\System32\sechost.dll
0x00007ff8f7e40000 - 0x00007ff8f7f61000 	C:\WINDOWS\System32\RPCRT4.dll
0x00007ff8fa0f0000 - 0x00007ff8fa255000 	C:\WINDOWS\System32\USER32.dll
0x00007ff8f7260000 - 0x00007ff8f727e000 	C:\WINDOWS\System32\win32u.dll
0x00007ff8f8070000 - 0x00007ff8f80a4000 	C:\WINDOWS\System32\GDI32.dll
0x00007ff8f7280000 - 0x00007ff8f7402000 	C:\WINDOWS\System32\gdi32full.dll
0x00007ff8ece50000 - 0x00007ff8ed0c9000 	C:\WINDOWS\WinSxS\amd64_microsoft.windows.common-controls_6595b64144ccf1df_6.0.14393.447_none_42191651c6827bb3\COMCTL32.dll
0x00007ff8fa430000 - 0x00007ff8fa6f8000 	C:\WINDOWS\System32\combase.dll
0x00007ff8f7060000 - 0x00007ff8f7155000 	C:\WINDOWS\System32\ucrtbase.dll
0x00007ff8f6ff0000 - 0x00007ff8f705a000 	C:\WINDOWS\System32\bcryptPrimitives.dll
0x00007ff8fa280000 - 0x00007ff8fa2ae000 	C:\WINDOWS\System32\IMM32.DLL
0x00007ff8de720000 - 0x00007ff8de7c7000 	C:\Program Files\McAfee\Host Intrusion Prevention\HcApi.dll
0x0000000074210000 - 0x000000007421c000 	C:\Program Files\McAfee\Host Intrusion Prevention\HcThe.dll
0x0000000073320000 - 0x00000000733f2000 	C:\Program Files\Java\jdk1.8.0_121\jre\bin\msvcr100.dll
0x0000000072a80000 - 0x000000007331b000 	C:\Program Files\Java\jdk1.8.0_121\jre\bin\server\jvm.dll
0x00007ff8f98a0000 - 0x00007ff8f98a8000 	C:\WINDOWS\System32\PSAPI.DLL
0x00007ff8ebf10000 - 0x00007ff8ebf19000 	C:\WINDOWS\SYSTEM32\WSOCK32.dll
0x00007ff8f9fe0000 - 0x00007ff8fa04a000 	C:\WINDOWS\System32\WS2_32.dll
0x00007ff8f5200000 - 0x00007ff8f5223000 	C:\WINDOWS\SYSTEM32\WINMM.dll
0x00007ff8ebf40000 - 0x00007ff8ebf4a000 	C:\WINDOWS\SYSTEM32\VERSION.dll
0x00007ff8f51d0000 - 0x00007ff8f51fb000 	C:\WINDOWS\SYSTEM32\WINMMBASE.dll
0x00007ff8f7160000 - 0x00007ff8f71a2000 	C:\WINDOWS\System32\cfgmgr32.dll
0x0000000072a70000 - 0x0000000072a7f000 	C:\Program Files\Java\jdk1.8.0_121\jre\bin\verify.dll
0x0000000072a40000 - 0x0000000072a69000 	C:\Program Files\Java\jdk1.8.0_121\jre\bin\java.dll
0x0000000072a20000 - 0x0000000072a36000 	C:\Program Files\Java\jdk1.8.0_121\jre\bin\zip.dll
0x00007ff8f8170000 - 0x00007ff8f9679000 	C:\WINDOWS\System32\SHELL32.dll
0x00007ff8f7740000 - 0x00007ff8f7e1a000 	C:\WINDOWS\System32\windows.storage.dll
0x00007ff8f6d20000 - 0x00007ff8f6d6c000 	C:\WINDOWS\System32\powrprof.dll
0x00007ff8f98b0000 - 0x00007ff8f9902000 	C:\WINDOWS\System32\shlwapi.dll
0x00007ff8f6d70000 - 0x00007ff8f6d7f000 	C:\WINDOWS\System32\kernel.appcore.dll
0x00007ff8f7470000 - 0x00007ff8f7519000 	C:\WINDOWS\System32\shcore.dll
0x00007ff8f6cf0000 - 0x00007ff8f6d04000 	C:\WINDOWS\System32\profapi.dll

VM Arguments:
jvm_args: -Djava.awt.headless=true -Xmx1024M -Dfile.encoding=windows-1250 -Duser.country=CZ -Duser.language=cs -Duser.variant 
java_command: com.android.dx.command.Main --dex --force-jumbo --num-threads=4 --multi-dex --output D:\03_Personal_Doc\AndroidProjects\Home\app\build\intermediates\transforms\dex\debug\folders\1000\10\classes_93af8ab1dd5754c74139b3e983b0ec1128331cb0 C:\Users\uidv7359\.android\build-cache\b67a1e4755e83777fbf2d220d28ce291f56e173e\output\jars\classes.jar
java_class_path (initial): C:\Users\uidv7359\AppData\Local\Android\android-sdk\build-tools\25.0.0\lib\dx.jar
Launcher Type: SUN_STANDARD

Environment Variables:
USERNAME=uidv7359
OS=Windows_NT
PROCESSOR_IDENTIFIER=Intel64 Family 6 Model 69 Stepping 1, GenuineIntel



---------------  S Y S T E M  ---------------

OS: Windows 10.0 , 64 bit Build 14393 (10.0.14393.0)

CPU:total 4 (2 cores per cpu, 2 threads per core) family 6 model 69 stepping 1, cmov, cx8, fxsr, mmx, sse, sse2, sse3, ssse3, sse4.1, sse4.2, popcnt, avx, avx2, aes, clmul, erms, lzcnt, ht, tsc, tscinvbit, bmi1, bmi2

Memory: 4k page, physical 8291712k(943700k free), swap 8291712k(3256k free)

vm_info: Java HotSpot(TM) 64-Bit Server VM (25.121-b13) for windows-amd64 JRE (1.8.0_121-b13), built on Dec 12 2016 18:21:36 by "java_re" with MS VC++ 10.0 (VS2010)

time: Thu Mar 16 13:09:42 2017
elapsed time: 3 seconds (0d 0h 0m 3s)

